<?xml version="1.0" encoding="UTF-8"?>
<!-- Generated by org.testng.reporters.JUnitReportReporter -->
<testsuite hostname="LAPTOP-8254Q1PA" failures="0" tests="1" name="test.com.CarTest" time="9.849" errors="0" timestamp="6 Sep 2023 14:58:41 GMT">
  <testcase classname="test.com.CarTest" name="testCarCom" time="9.849"/>
</testsuite> <!-- test.com.CarTest -->
